# JRE version: OpenJDK Runtime Environment (8.0_76-b03) (build 1.8.0_76-release-b03)
# Java VM: OpenJDK 64-Bit Server VM (25.76-b03 mixed mode windows-amd64 compressed oops)
Heap:
 PSYoungGen      total 336384K, used 240801K [0x00000000e0000000, 0x00000000fe800000, 0x0000000100000000)
  eden space 192512K, 94% used [0x00000000e0000000,0x00000000eb1f07e0,0x00000000ebc00000)
  from space 143872K, 40% used [0x00000000f5b80000,0x00000000f94b8010,0x00000000fe800000)
  to   space 153600K, 0% used [0x00000000ebc00000,0x00000000ebc00000,0x00000000f5200000)
 ParOldGen       total 899584K, used 598091K [0x00000000a0000000, 0x00000000d6e80000, 0x00000000e0000000)
  object space 899584K, 66% used [0x00000000a0000000,0x00000000c4812f18,0x00000000d6e80000)
 Metaspace       used 74197K, capacity 77508K, committed 77744K, reserved 1116160K
  class space    used 9844K, capacity 10609K, committed 10672K, reserved 1048576K
GC Heap History (10 events):
Event: 901.551 GC heap before
{Heap before GC invocations=116 (full 15):
 PSYoungGen      total 349696K, used 228704K [0x00000000e0000000, 0x0000000100000000, 0x0000000100000000)
  eden space 175104K, 100% used [0x00000000e0000000,0x00000000eab00000,0x00000000eab00000)
  from space 174592K, 30% used [0x00000000f5580000,0x00000000f89d8000,0x0000000100000000)
  to   space 174592K, 0% used [0x00000000eab00000,0x00000000eab00000,0x00000000f5580000)
 ParOldGen       total 844288K, used 618781K [0x00000000a0000000, 0x00000000d3880000, 0x00000000e0000000)
  object space 844288K, 73% used [0x00000000a0000000,0x00000000c5c47528,0x00000000d3880000)
 Metaspace       used 74195K, capacity 77508K, committed 77744K, reserved 1116160K
  class space    used 9844K, capacity 10609K, committed 10672K, reserved 1048576K
Event: 902.182 GC heap after
Heap after GC invocations=116 (full 15):
 PSYoungGen      total 349696K, used 59572K [0x00000000e0000000, 0x0000000100000000, 0x0000000100000000)
  eden space 175104K, 0% used [0x00000000e0000000,0x00000000e0000000,0x00000000eab00000)
  from space 174592K, 34% used [0x00000000eab00000,0x00000000ee52d100,0x00000000f5580000)
  to   space 174592K, 0% used [0x00000000f5580000,0x00000000f5580000,0x0000000100000000)
 ParOldGen       total 844288K, used 671813K [0x00000000a0000000, 0x00000000d3880000, 0x00000000e0000000)
  object space 844288K, 79% used [0x00000000a0000000,0x00000000c9011528,0x00000000d3880000)
 Metaspace       used 74195K, capacity 77508K, committed 77744K, reserved 1116160K
  class space    used 9844K, capacity 10609K, committed 10672K, reserved 1048576K
}
Event: 902.662 GC heap before
{Heap before GC invocations=117 (full 15):
 PSYoungGen      total 349696K, used 234676K [0x00000000e0000000, 0x0000000100000000, 0x0000000100000000)
  eden space 175104K, 100% used [0x00000000e0000000,0x00000000eab00000,0x00000000eab00000)
  from space 174592K, 34% used [0x00000000eab00000,0x00000000ee52d100,0x00000000f5580000)
  to   space 174592K, 0% used [0x00000000f5580000,0x00000000f5580000,0x0000000100000000)
 ParOldGen       total 844288K, used 671813K [0x00000000a0000000, 0x00000000d3880000, 0x00000000e0000000)
  object space 844288K, 79% used [0x00000000a0000000,0x00000000c9011528,0x00000000d3880000)
 Metaspace       used 74195K, capacity 77508K, committed 77744K, reserved 1116160K
  class space    used 9844K, capacity 10609K, committed 10672K, reserved 1048576K
Event: 903.008 GC heap after
Heap after GC invocations=117 (full 15):
 PSYoungGen      total 336384K, used 59897K [0x00000000e0000000, 0x00000000ff300000, 0x0000000100000000)
  eden space 175104K, 0% used [0x00000000e0000000,0x00000000e0000000,0x00000000eab00000)
  from space 161280K, 37% used [0x00000000f5580000,0x00000000f8ffe520,0x00000000ff300000)
  to   space 167936K, 0% used [0x00000000eab00000,0x00000000eab00000,0x00000000f4f00000)
 ParOldGen       total 844288K, used 731467K [0x00000000a0000000, 0x00000000d3880000, 0x00000000e0000000)
  object space 844288K, 86% used [0x00000000a0000000,0x00000000cca52d70,0x00000000d3880000)
 Metaspace       used 74195K, capacity 77508K, committed 77744K, reserved 1116160K
  class space    used 9844K, capacity 10609K, committed 10672K, reserved 1048576K
}
Event: 903.395 GC heap before
{Heap before GC invocations=118 (full 15):
 PSYoungGen      total 336384K, used 235001K [0x00000000e0000000, 0x00000000ff300000, 0x0000000100000000)
  eden space 175104K, 100% used [0x00000000e0000000,0x00000000eab00000,0x00000000eab00000)
  from space 161280K, 37% used [0x00000000f5580000,0x00000000f8ffe520,0x00000000ff300000)
  to   space 167936K, 0% used [0x00000000eab00000,0x00000000eab00000,0x00000000f4f00000)
 ParOldGen       total 844288K, used 731467K [0x00000000a0000000, 0x00000000d3880000, 0x00000000e0000000)
  object space 844288K, 86% used [0x00000000a0000000,0x00000000cca52d70,0x00000000d3880000)
 Metaspace       used 74195K, capacity 77508K, committed 77744K, reserved 1116160K
  class space    used 9844K, capacity 10609K, committed 10672K, reserved 1048576K
Event: 904.229 GC heap after
Heap after GC invocations=118 (full 15):
 PSYoungGen      total 343040K, used 59072K [0x00000000e0000000, 0x00000000ff880000, 0x0000000100000000)
  eden space 175104K, 0% used [0x00000000e0000000,0x00000000e0000000,0x00000000eab00000)
  from space 167936K, 35% used [0x00000000eab00000,0x00000000ee4b0000,0x00000000f4f00000)
  to   space 160768K, 0% used [0x00000000f5b80000,0x00000000f5b80000,0x00000000ff880000)
 ParOldGen       total 844288K, used 791537K [0x00000000a0000000, 0x00000000d3880000, 0x00000000e0000000)
  object space 844288K, 93% used [0x00000000a0000000,0x00000000d04fc448,0x00000000d3880000)
 Metaspace       used 74195K, capacity 77508K, committed 77744K, reserved 1116160K
  class space    used 9844K, capacity 10609K, committed 10672K, reserved 1048576K
}
Event: 904.229 GC heap before
{Heap before GC invocations=119 (full 16):
 PSYoungGen      total 343040K, used 59072K [0x00000000e0000000, 0x00000000ff880000, 0x0000000100000000)
  eden space 175104K, 0% used [0x00000000e0000000,0x00000000e0000000,0x00000000eab00000)
  from space 167936K, 35% used [0x00000000eab00000,0x00000000ee4b0000,0x00000000f4f00000)
  to   space 160768K, 0% used [0x00000000f5b80000,0x00000000f5b80000,0x00000000ff880000)
 ParOldGen       total 844288K, used 791537K [0x00000000a0000000, 0x00000000d3880000, 0x00000000e0000000)
  object space 844288K, 93% used [0x00000000a0000000,0x00000000d04fc448,0x00000000d3880000)
 Metaspace       used 74195K, capacity 77508K, committed 77744K, reserved 1116160K
  class space    used 9844K, capacity 10609K, committed 10672K, reserved 1048576K
Event: 909.451 GC heap after
Heap after GC invocations=119 (full 16):
 PSYoungGen      total 343040K, used 0K [0x00000000e0000000, 0x00000000ff880000, 0x0000000100000000)
  eden space 175104K, 0% used [0x00000000e0000000,0x00000000e0000000,0x00000000eab00000)
  from space 167936K, 0% used [0x00000000eab00000,0x00000000eab00000,0x00000000f4f00000)
  to   space 160768K, 0% used [0x00000000f5b80000,0x00000000f5b80000,0x00000000ff880000)
 ParOldGen       total 899584K, used 598091K [0x00000000a0000000, 0x00000000d6e80000, 0x00000000e0000000)
  object space 899584K, 66% used [0x00000000a0000000,0x00000000c4812f18,0x00000000d6e80000)
 Metaspace       used 74195K, capacity 77508K, committed 77744K, reserved 1116160K
  class space    used 9844K, capacity 10609K, committed 10672K, reserved 1048576K
}
Event: 909.796 GC heap before
{Heap before GC invocations=120 (full 16):
 PSYoungGen      total 343040K, used 175104K [0x00000000e0000000, 0x00000000ff880000, 0x0000000100000000)
  eden space 175104K, 100% used [0x00000000e0000000,0x00000000eab00000,0x00000000eab00000)
  from space 167936K, 0% used [0x00000000eab00000,0x00000000eab00000,0x00000000f4f00000)
  to   space 160768K, 0% used [0x00000000f5b80000,0x00000000f5b80000,0x00000000ff880000)
 ParOldGen       total 899584K, used 598091K [0x00000000a0000000, 0x00000000d6e80000, 0x00000000e0000000)
  object space 899584K, 66% used [0x00000000a0000000,0x00000000c4812f18,0x00000000d6e80000)
 Metaspace       used 74196K, capacity 77508K, committed 77744K, reserved 1116160K
  class space    used 9844K, capacity 10609K, committed 10672K, reserved 1048576K
Event: 909.932 GC heap after
Heap after GC invocations=120 (full 16):
 PSYoungGen      total 336384K, used 58592K [0x00000000e0000000, 0x00000000fe800000, 0x0000000100000000)
  eden space 192512K, 0% used [0x00000000e0000000,0x00000000e0000000,0x00000000ebc00000)
  from space 143872K, 40% used [0x00000000f5b80000,0x00000000f94b8010,0x00000000fe800000)
  to   space 153600K, 0% used [0x00000000ebc00000,0x00000000ebc00000,0x00000000f5200000)
 ParOldGen       total 899584K, used 598091K [0x00000000a0000000, 0x00000000d6e80000, 0x00000000e0000000)
  object space 899584K, 66% used [0x00000000a0000000,0x00000000c4812f18,0x00000000d6e80000)
 Metaspace       used 74196K, capacity 77508K, committed 77744K, reserved 1116160K
  class space    used 9844K, capacity 10609K, committed 10672K, reserved 1048576K
}

